


ARM Macro Assembler    Page 1 


    1 00000000         ;/******************************************************
                       ***********************
    2 00000000         ; * @file     startup_SAMD20.s
    3 00000000         ; * @brief    CMSIS Cortex-M0+ Core Device Startup File
    4 00000000         ; *           for the Atmel SSAMD20 Device Series
    5 00000000         ; * @version  V1.01
    6 00000000         ; * @date     26. March 2014
    7 00000000         ; *
    8 00000000         ; * @note
    9 00000000         ; * Copyright (C) 2014 ARM Limited. All rights reserved.
                       
   10 00000000         ; *
   11 00000000         ; * @par
   12 00000000         ; * ARM Limited (ARM) is supplying this software for use
                        with Cortex-M
   13 00000000         ; * processor based microcontrollers.  This file can be 
                       freely distributed
   14 00000000         ; * within development tools that are supporting such AR
                       M based processors.
   15 00000000         ; *
   16 00000000         ; * @par
   17 00000000         ; * THIS SOFTWARE IS PROVIDED "AS IS".  NO WARRANTIES, W
                       HETHER EXPRESS, IMPLIED
   18 00000000         ; * OR STATUTORY, INCLUDING, BUT NOT LIMITED TO, IMPLIED
                        WARRANTIES OF
   19 00000000         ; * MERCHANTABILITY AND FITNESS FOR A PARTICULAR PURPOSE
                        APPLY TO THIS SOFTWARE.
   20 00000000         ; * ARM SHALL NOT, IN ANY CIRCUMSTANCES, BE LIABLE FOR S
                       PECIAL, INCIDENTAL, OR
   21 00000000         ; * CONSEQUENTIAL DAMAGES, FOR ANY REASON WHATSOEVER.
   22 00000000         ; *
   23 00000000         ; ******************************************************
                       ************************/
   24 00000000         ;/*
   25 00000000         ;//-------- <<< Use Configuration Wizard in Context Menu
                        >>> ------------------
   26 00000000         ;*/
   27 00000000         
   28 00000000         
   29 00000000         ; <h> Stack Configuration
   30 00000000         ;   <o> Stack Size (in Bytes) <0x0-0xFFFFFFFF:8>
   31 00000000         ; </h>
   32 00000000         
   33 00000000 00000200 
                       Stack_Size
                               EQU              0x00000200
   34 00000000         
   35 00000000                 AREA             STACK, NOINIT, READWRITE, ALIGN
=3
   36 00000000         Stack_Mem
                               SPACE            Stack_Size
   37 00000200         __initial_sp
   38 00000200         
   39 00000200         
   40 00000200         ; <h> Heap Configuration
   41 00000200         ;   <o>  Heap Size (in Bytes) <0x0-0xFFFFFFFF:8>
   42 00000200         ; </h>
   43 00000200         
   44 00000200 00000000 



ARM Macro Assembler    Page 2 


                       Heap_Size
                               EQU              0x00000000
   45 00000200         
   46 00000200                 AREA             HEAP, NOINIT, READWRITE, ALIGN=
3
   47 00000000         __heap_base
   48 00000000         Heap_Mem
                               SPACE            Heap_Size
   49 00000000         __heap_limit
   50 00000000         
   51 00000000         
   52 00000000                 PRESERVE8
   53 00000000                 THUMB
   54 00000000         
   55 00000000         
   56 00000000         ; Vector Table Mapped to Address 0 at Reset
   57 00000000         
   58 00000000                 AREA             RESET, DATA, READONLY
   59 00000000                 EXPORT           __Vectors
   60 00000000                 EXPORT           __Vectors_End
   61 00000000                 EXPORT           __Vectors_Size
   62 00000000         
   63 00000000 00000000 
                       __Vectors
                               DCD              __initial_sp ; Top of Stack
   64 00000004 00000000        DCD              Reset_Handler ; Reset Handler
   65 00000008 00000000        DCD              NMI_Handler ; NMI Handler
   66 0000000C 00000000        DCD              HardFault_Handler ; Hard Fault 
                                                            Handler
   67 00000010 00000000        DCD              0           ; Reserved
   68 00000014 00000000        DCD              0           ; Reserved
   69 00000018 00000000        DCD              0           ; Reserved
   70 0000001C 00000000        DCD              0           ; Reserved
   71 00000020 00000000        DCD              0           ; Reserved
   72 00000024 00000000        DCD              0           ; Reserved
   73 00000028 00000000        DCD              0           ; Reserved
   74 0000002C 00000000        DCD              SVC_Handler ; SVCall Handler
   75 00000030 00000000        DCD              0           ; Reserved
   76 00000034 00000000        DCD              0           ; Reserved
   77 00000038 00000000        DCD              PendSV_Handler ; PendSV Handler
                                                            
   78 0000003C 00000000        DCD              SysTick_Handler 
                                                            ; SysTick Handler
   79 00000040         
   80 00000040         ; External Interrupts
   81 00000040 00000000        DCD              PM_Handler  ;  0 Power Manager
   82 00000044 00000000        DCD              SYSCTRL_Handler 
                                                            ;  1 System Control
                                                            
   83 00000048 00000000        DCD              WDT_Handler ;  2 Watchdog Timer
                                                            
   84 0000004C 00000000        DCD              RTC_Handler ;  3 Real-Time Coun
                                                            ter
   85 00000050 00000000        DCD              EIC_Handler ;  4 External Inter
                                                            rupt Controller
   86 00000054 00000000        DCD              NVMCTRL_Handler ;  5 Non-Volati
                                                            le Memory Controlle
                                                            r
   87 00000058 00000000        DCD              EVSYS_Handler ;  6 Event System



ARM Macro Assembler    Page 3 


                                                             Interface
   88 0000005C 00000000        DCD              SERCOM0_Handler ;  7 Serial Com
                                                            munication Interfac
                                                            e 0
   89 00000060 00000000        DCD              SERCOM1_Handler ;  8 Serial Com
                                                            munication Interfac
                                                            e 1
   90 00000064 00000000        DCD              SERCOM2_Handler ;  9 Serial Com
                                                            munication Interfac
                                                            e 2
   91 00000068 00000000        DCD              SERCOM3_Handler ; 10 Serial Com
                                                            munication Interfac
                                                            e 3
   92 0000006C 00000000        DCD              SERCOM4_Handler ; 11 Serial Com
                                                            munication Interfac
                                                            e 4
   93 00000070 00000000        DCD              SERCOM5_Handler ; 12 Serial Com
                                                            munication Interfac
                                                            e 5
   94 00000074 00000000        DCD              TC0_Handler ; 13 Basic Timer Co
                                                            unter 0
   95 00000078 00000000        DCD              TC1_Handler ; 14 Basic Timer Co
                                                            unter 1
   96 0000007C 00000000        DCD              TC2_Handler ; 15 Basic Timer Co
                                                            unter 2
   97 00000080 00000000        DCD              TC3_Handler ; 16 Basic Timer Co
                                                            unter 3
   98 00000084 00000000        DCD              TC4_Handler ; 17 Basic Timer Co
                                                            unter 4
   99 00000088 00000000        DCD              TC5_Handler ; 18 Basic Timer Co
                                                            unter 5
  100 0000008C 00000000        DCD              TC6_Handler ; 19 Basic Timer Co
                                                            unter 6
  101 00000090 00000000        DCD              TC7_Handler ; 20 Basic Timer Co
                                                            unter 7
  102 00000094 00000000        DCD              ADC_Handler ; 21 Analog Digital
                                                             Converter
  103 00000098 00000000        DCD              AC_Handler  ; 22 Analog Compara
                                                            tors
  104 0000009C 00000000        DCD              DAC_Handler ; 23 Digital Analog
                                                             Converter
  105 000000A0 00000000        DCD              PTC_Handler ; 24 Peripheral Tou
                                                            ch Controller
  106 000000A4         __Vectors_End
  107 000000A4         
  108 000000A4 000000A4 
                       __Vectors_Size
                               EQU              __Vectors_End - __Vectors
  109 000000A4         
  110 000000A4                 AREA             |.text|, CODE, READONLY
  111 00000000         
  112 00000000         
  113 00000000         ; Reset Handler
  114 00000000         
  115 00000000         Reset_Handler
                               PROC
  116 00000000                 EXPORT           Reset_Handler             [WEAK
]
  117 00000000                 IMPORT           SystemInit



ARM Macro Assembler    Page 4 


  118 00000000                 IMPORT           __main
  119 00000000 4807            LDR              R0, =SystemInit
  120 00000002 4780            BLX              R0
  121 00000004 4807            LDR              R0, =__main
  122 00000006 4700            BX               R0
  123 00000008                 ENDP
  124 00000008         
  125 00000008         
  126 00000008         ; Dummy Exception Handlers (infinite loops which can be 
                       modified)
  127 00000008         
  128 00000008         NMI_Handler
                               PROC
  129 00000008                 EXPORT           NMI_Handler               [WEAK
]
  130 00000008 E7FE            B                .
  131 0000000A                 ENDP
  133 0000000A         HardFault_Handler
                               PROC
  134 0000000A                 EXPORT           HardFault_Handler         [WEAK
]
  135 0000000A E7FE            B                .
  136 0000000C                 ENDP
  137 0000000C         SVC_Handler
                               PROC
  138 0000000C                 EXPORT           SVC_Handler               [WEAK
]
  139 0000000C E7FE            B                .
  140 0000000E                 ENDP
  141 0000000E         PendSV_Handler
                               PROC
  142 0000000E                 EXPORT           PendSV_Handler            [WEAK
]
  143 0000000E E7FE            B                .
  144 00000010                 ENDP
  145 00000010         SysTick_Handler
                               PROC
  146 00000010                 EXPORT           SysTick_Handler           [WEAK
]
  147 00000010 E7FE            B                .
  148 00000012                 ENDP
  149 00000012         
  150 00000012         Default_Handler
                               PROC
  151 00000012         
  152 00000012                 EXPORT           PM_Handler                [WEAK
]
  153 00000012                 EXPORT           SYSCTRL_Handler           [WEAK
]
  154 00000012                 EXPORT           WDT_Handler               [WEAK
]
  155 00000012                 EXPORT           RTC_Handler               [WEAK
]
  156 00000012                 EXPORT           EIC_Handler               [WEAK
]
  157 00000012                 EXPORT           NVMCTRL_Handler           [WEAK
]
  158 00000012                 EXPORT           EVSYS_Handler             [WEAK
]



ARM Macro Assembler    Page 5 


  159 00000012                 EXPORT           SERCOM0_Handler           [WEAK
]
  160 00000012                 EXPORT           SERCOM1_Handler           [WEAK
]
  161 00000012                 EXPORT           SERCOM2_Handler           [WEAK
]
  162 00000012                 EXPORT           SERCOM3_Handler           [WEAK
]
  163 00000012                 EXPORT           SERCOM4_Handler           [WEAK
]
  164 00000012                 EXPORT           SERCOM5_Handler           [WEAK
]
  165 00000012                 EXPORT           TC0_Handler               [WEAK
]
  166 00000012                 EXPORT           TC1_Handler               [WEAK
]
  167 00000012                 EXPORT           TC2_Handler               [WEAK
]
  168 00000012                 EXPORT           TC3_Handler               [WEAK
]
  169 00000012                 EXPORT           TC4_Handler               [WEAK
]
  170 00000012                 EXPORT           TC5_Handler               [WEAK
]
  171 00000012                 EXPORT           TC6_Handler               [WEAK
]
  172 00000012                 EXPORT           TC7_Handler               [WEAK
]
  173 00000012                 EXPORT           ADC_Handler               [WEAK
]
  174 00000012                 EXPORT           AC_Handler                [WEAK
]
  175 00000012                 EXPORT           DAC_Handler               [WEAK
]
  176 00000012                 EXPORT           PTC_Handler               [WEAK
]
  177 00000012         
  178 00000012         PM_Handler
  179 00000012         SYSCTRL_Handler
  180 00000012         WDT_Handler
  181 00000012         RTC_Handler
  182 00000012         EIC_Handler
  183 00000012         NVMCTRL_Handler
  184 00000012         EVSYS_Handler
  185 00000012         SERCOM0_Handler
  186 00000012         SERCOM1_Handler
  187 00000012         SERCOM2_Handler
  188 00000012         SERCOM3_Handler
  189 00000012         SERCOM4_Handler
  190 00000012         SERCOM5_Handler
  191 00000012         TC0_Handler
  192 00000012         TC1_Handler
  193 00000012         TC2_Handler
  194 00000012         TC3_Handler
  195 00000012         TC4_Handler
  196 00000012         TC5_Handler
  197 00000012         TC6_Handler
  198 00000012         TC7_Handler
  199 00000012         ADC_Handler



ARM Macro Assembler    Page 6 


  200 00000012         AC_Handler
  201 00000012         DAC_Handler
  202 00000012         PTC_Handler
  203 00000012 E7FE            B                .
  204 00000014                 ENDP
  205 00000014         
  206 00000014         
  207 00000014                 ALIGN
  208 00000014         
  209 00000014         
  210 00000014         ; User Initial Stack & Heap
  211 00000014         
  212 00000014                 IF               :DEF:__MICROLIB
  219 00000014         
  220 00000014                 IMPORT           __use_two_region_memory
  221 00000014                 EXPORT           __user_initial_stackheap
  222 00000014         __user_initial_stackheap
  223 00000014         
  224 00000014 4804            LDR              R0, =  Heap_Mem
  225 00000016 4905            LDR              R1, =(Stack_Mem + Stack_Size)
  226 00000018 4A03            LDR              R2, = (Heap_Mem +  Heap_Size)
  227 0000001A 4B05            LDR              R3, = Stack_Mem
  228 0000001C 4770            BX               LR
  229 0000001E         
  230 0000001E 00 00           ALIGN
  231 00000020         
  232 00000020                 ENDIF
  233 00000020         
  234 00000020         
  235 00000020                 END
              00000000 
              00000000 
              00000000 
              00000200 
              00000000 
Command Line: --debug --xref --diag_suppress=9931 --cpu=Cortex-M0+ --apcs=inter
work --depend=.\uvbuild\startup_samd20.d -o.\uvbuild\startup_samd20.o -I.\RTE\A
tmelStart -I.\RTE\_ATSAMD20J18 -I.\config -I.\examples -I.\file -I.\hal\include
 -I.\hal\utils\include -I.\hpl\ac -I.\hpl\adc -I.\hpl\core -I.\hpl\gclk -I.\hpl
\pm -I.\hpl\port -I.\hpl\sysctrl -I.\hpl\systick -I.\hpl\tc -I.\hri -IC:\Keil_v
5\ARM\PACK\ARM\CMSIS\5.0.1\CMSIS\Include -IC:\Keil_v5\ARM\PACK\Keil\SAMD20_DFP\
1.1.1\Device\SAMD20\Include -I"C:\Users\bdarp\Documents\UK Fall 2020\EE 491\Sof
twarePWM\My Project (3)" --predefine="__EVAL SETA 1" --predefine="__UVISION_VER
SION SETA 524" --predefine="_RTE_ SETA 1" --predefine="__SAMD20J18__ SETA 1" --
list=.\startup_samd20.lst RTE\Device\ATSAMD20J18\startup_SAMD20.s



ARM Macro Assembler    Page 1 Alphabetic symbol ordering
Relocatable symbols

STACK 00000000

Symbol: STACK
   Definitions
      At line 35 in file RTE\Device\ATSAMD20J18\startup_SAMD20.s
   Uses
      None
Comment: STACK unused
Stack_Mem 00000000

Symbol: Stack_Mem
   Definitions
      At line 36 in file RTE\Device\ATSAMD20J18\startup_SAMD20.s
   Uses
      At line 225 in file RTE\Device\ATSAMD20J18\startup_SAMD20.s
      At line 227 in file RTE\Device\ATSAMD20J18\startup_SAMD20.s

__initial_sp 00000200

Symbol: __initial_sp
   Definitions
      At line 37 in file RTE\Device\ATSAMD20J18\startup_SAMD20.s
   Uses
      At line 63 in file RTE\Device\ATSAMD20J18\startup_SAMD20.s
Comment: __initial_sp used once
3 symbols



ARM Macro Assembler    Page 1 Alphabetic symbol ordering
Relocatable symbols

HEAP 00000000

Symbol: HEAP
   Definitions
      At line 46 in file RTE\Device\ATSAMD20J18\startup_SAMD20.s
   Uses
      None
Comment: HEAP unused
Heap_Mem 00000000

Symbol: Heap_Mem
   Definitions
      At line 48 in file RTE\Device\ATSAMD20J18\startup_SAMD20.s
   Uses
      At line 224 in file RTE\Device\ATSAMD20J18\startup_SAMD20.s
      At line 226 in file RTE\Device\ATSAMD20J18\startup_SAMD20.s

__heap_base 00000000

Symbol: __heap_base
   Definitions
      At line 47 in file RTE\Device\ATSAMD20J18\startup_SAMD20.s
   Uses
      None
Comment: __heap_base unused
__heap_limit 00000000

Symbol: __heap_limit
   Definitions
      At line 49 in file RTE\Device\ATSAMD20J18\startup_SAMD20.s
   Uses
      None
Comment: __heap_limit unused
4 symbols



ARM Macro Assembler    Page 1 Alphabetic symbol ordering
Relocatable symbols

RESET 00000000

Symbol: RESET
   Definitions
      At line 58 in file RTE\Device\ATSAMD20J18\startup_SAMD20.s
   Uses
      None
Comment: RESET unused
__Vectors 00000000

Symbol: __Vectors
   Definitions
      At line 63 in file RTE\Device\ATSAMD20J18\startup_SAMD20.s
   Uses
      At line 59 in file RTE\Device\ATSAMD20J18\startup_SAMD20.s
      At line 108 in file RTE\Device\ATSAMD20J18\startup_SAMD20.s

__Vectors_End 000000A4

Symbol: __Vectors_End
   Definitions
      At line 106 in file RTE\Device\ATSAMD20J18\startup_SAMD20.s
   Uses
      At line 60 in file RTE\Device\ATSAMD20J18\startup_SAMD20.s
      At line 108 in file RTE\Device\ATSAMD20J18\startup_SAMD20.s

3 symbols



ARM Macro Assembler    Page 1 Alphabetic symbol ordering
Relocatable symbols

.text 00000000

Symbol: .text
   Definitions
      At line 110 in file RTE\Device\ATSAMD20J18\startup_SAMD20.s
   Uses
      None
Comment: .text unused
AC_Handler 00000012

Symbol: AC_Handler
   Definitions
      At line 200 in file RTE\Device\ATSAMD20J18\startup_SAMD20.s
   Uses
      At line 103 in file RTE\Device\ATSAMD20J18\startup_SAMD20.s
      At line 174 in file RTE\Device\ATSAMD20J18\startup_SAMD20.s

ADC_Handler 00000012

Symbol: ADC_Handler
   Definitions
      At line 199 in file RTE\Device\ATSAMD20J18\startup_SAMD20.s
   Uses
      At line 102 in file RTE\Device\ATSAMD20J18\startup_SAMD20.s
      At line 173 in file RTE\Device\ATSAMD20J18\startup_SAMD20.s

DAC_Handler 00000012

Symbol: DAC_Handler
   Definitions
      At line 201 in file RTE\Device\ATSAMD20J18\startup_SAMD20.s
   Uses
      At line 104 in file RTE\Device\ATSAMD20J18\startup_SAMD20.s
      At line 175 in file RTE\Device\ATSAMD20J18\startup_SAMD20.s

Default_Handler 00000012

Symbol: Default_Handler
   Definitions
      At line 150 in file RTE\Device\ATSAMD20J18\startup_SAMD20.s
   Uses
      None
Comment: Default_Handler unused
EIC_Handler 00000012

Symbol: EIC_Handler
   Definitions
      At line 182 in file RTE\Device\ATSAMD20J18\startup_SAMD20.s
   Uses
      At line 85 in file RTE\Device\ATSAMD20J18\startup_SAMD20.s
      At line 156 in file RTE\Device\ATSAMD20J18\startup_SAMD20.s

EVSYS_Handler 00000012

Symbol: EVSYS_Handler
   Definitions
      At line 184 in file RTE\Device\ATSAMD20J18\startup_SAMD20.s
   Uses
      At line 87 in file RTE\Device\ATSAMD20J18\startup_SAMD20.s



ARM Macro Assembler    Page 2 Alphabetic symbol ordering
Relocatable symbols

      At line 158 in file RTE\Device\ATSAMD20J18\startup_SAMD20.s

HardFault_Handler 0000000A

Symbol: HardFault_Handler
   Definitions
      At line 133 in file RTE\Device\ATSAMD20J18\startup_SAMD20.s
   Uses
      At line 66 in file RTE\Device\ATSAMD20J18\startup_SAMD20.s
      At line 134 in file RTE\Device\ATSAMD20J18\startup_SAMD20.s

NMI_Handler 00000008

Symbol: NMI_Handler
   Definitions
      At line 128 in file RTE\Device\ATSAMD20J18\startup_SAMD20.s
   Uses
      At line 65 in file RTE\Device\ATSAMD20J18\startup_SAMD20.s
      At line 129 in file RTE\Device\ATSAMD20J18\startup_SAMD20.s

NVMCTRL_Handler 00000012

Symbol: NVMCTRL_Handler
   Definitions
      At line 183 in file RTE\Device\ATSAMD20J18\startup_SAMD20.s
   Uses
      At line 86 in file RTE\Device\ATSAMD20J18\startup_SAMD20.s
      At line 157 in file RTE\Device\ATSAMD20J18\startup_SAMD20.s

PM_Handler 00000012

Symbol: PM_Handler
   Definitions
      At line 178 in file RTE\Device\ATSAMD20J18\startup_SAMD20.s
   Uses
      At line 81 in file RTE\Device\ATSAMD20J18\startup_SAMD20.s
      At line 152 in file RTE\Device\ATSAMD20J18\startup_SAMD20.s

PTC_Handler 00000012

Symbol: PTC_Handler
   Definitions
      At line 202 in file RTE\Device\ATSAMD20J18\startup_SAMD20.s
   Uses
      At line 105 in file RTE\Device\ATSAMD20J18\startup_SAMD20.s
      At line 176 in file RTE\Device\ATSAMD20J18\startup_SAMD20.s

PendSV_Handler 0000000E

Symbol: PendSV_Handler
   Definitions
      At line 141 in file RTE\Device\ATSAMD20J18\startup_SAMD20.s
   Uses
      At line 77 in file RTE\Device\ATSAMD20J18\startup_SAMD20.s
      At line 142 in file RTE\Device\ATSAMD20J18\startup_SAMD20.s

RTC_Handler 00000012

Symbol: RTC_Handler



ARM Macro Assembler    Page 3 Alphabetic symbol ordering
Relocatable symbols

   Definitions
      At line 181 in file RTE\Device\ATSAMD20J18\startup_SAMD20.s
   Uses
      At line 84 in file RTE\Device\ATSAMD20J18\startup_SAMD20.s
      At line 155 in file RTE\Device\ATSAMD20J18\startup_SAMD20.s

Reset_Handler 00000000

Symbol: Reset_Handler
   Definitions
      At line 115 in file RTE\Device\ATSAMD20J18\startup_SAMD20.s
   Uses
      At line 64 in file RTE\Device\ATSAMD20J18\startup_SAMD20.s
      At line 116 in file RTE\Device\ATSAMD20J18\startup_SAMD20.s

SERCOM0_Handler 00000012

Symbol: SERCOM0_Handler
   Definitions
      At line 185 in file RTE\Device\ATSAMD20J18\startup_SAMD20.s
   Uses
      At line 88 in file RTE\Device\ATSAMD20J18\startup_SAMD20.s
      At line 159 in file RTE\Device\ATSAMD20J18\startup_SAMD20.s

SERCOM1_Handler 00000012

Symbol: SERCOM1_Handler
   Definitions
      At line 186 in file RTE\Device\ATSAMD20J18\startup_SAMD20.s
   Uses
      At line 89 in file RTE\Device\ATSAMD20J18\startup_SAMD20.s
      At line 160 in file RTE\Device\ATSAMD20J18\startup_SAMD20.s

SERCOM2_Handler 00000012

Symbol: SERCOM2_Handler
   Definitions
      At line 187 in file RTE\Device\ATSAMD20J18\startup_SAMD20.s
   Uses
      At line 90 in file RTE\Device\ATSAMD20J18\startup_SAMD20.s
      At line 161 in file RTE\Device\ATSAMD20J18\startup_SAMD20.s

SERCOM3_Handler 00000012

Symbol: SERCOM3_Handler
   Definitions
      At line 188 in file RTE\Device\ATSAMD20J18\startup_SAMD20.s
   Uses
      At line 91 in file RTE\Device\ATSAMD20J18\startup_SAMD20.s
      At line 162 in file RTE\Device\ATSAMD20J18\startup_SAMD20.s

SERCOM4_Handler 00000012

Symbol: SERCOM4_Handler
   Definitions
      At line 189 in file RTE\Device\ATSAMD20J18\startup_SAMD20.s
   Uses
      At line 92 in file RTE\Device\ATSAMD20J18\startup_SAMD20.s
      At line 163 in file RTE\Device\ATSAMD20J18\startup_SAMD20.s



ARM Macro Assembler    Page 4 Alphabetic symbol ordering
Relocatable symbols


SERCOM5_Handler 00000012

Symbol: SERCOM5_Handler
   Definitions
      At line 190 in file RTE\Device\ATSAMD20J18\startup_SAMD20.s
   Uses
      At line 93 in file RTE\Device\ATSAMD20J18\startup_SAMD20.s
      At line 164 in file RTE\Device\ATSAMD20J18\startup_SAMD20.s

SVC_Handler 0000000C

Symbol: SVC_Handler
   Definitions
      At line 137 in file RTE\Device\ATSAMD20J18\startup_SAMD20.s
   Uses
      At line 74 in file RTE\Device\ATSAMD20J18\startup_SAMD20.s
      At line 138 in file RTE\Device\ATSAMD20J18\startup_SAMD20.s

SYSCTRL_Handler 00000012

Symbol: SYSCTRL_Handler
   Definitions
      At line 179 in file RTE\Device\ATSAMD20J18\startup_SAMD20.s
   Uses
      At line 82 in file RTE\Device\ATSAMD20J18\startup_SAMD20.s
      At line 153 in file RTE\Device\ATSAMD20J18\startup_SAMD20.s

SysTick_Handler 00000010

Symbol: SysTick_Handler
   Definitions
      At line 145 in file RTE\Device\ATSAMD20J18\startup_SAMD20.s
   Uses
      At line 78 in file RTE\Device\ATSAMD20J18\startup_SAMD20.s
      At line 146 in file RTE\Device\ATSAMD20J18\startup_SAMD20.s

TC0_Handler 00000012

Symbol: TC0_Handler
   Definitions
      At line 191 in file RTE\Device\ATSAMD20J18\startup_SAMD20.s
   Uses
      At line 94 in file RTE\Device\ATSAMD20J18\startup_SAMD20.s
      At line 165 in file RTE\Device\ATSAMD20J18\startup_SAMD20.s

TC1_Handler 00000012

Symbol: TC1_Handler
   Definitions
      At line 192 in file RTE\Device\ATSAMD20J18\startup_SAMD20.s
   Uses
      At line 95 in file RTE\Device\ATSAMD20J18\startup_SAMD20.s
      At line 166 in file RTE\Device\ATSAMD20J18\startup_SAMD20.s

TC2_Handler 00000012

Symbol: TC2_Handler
   Definitions



ARM Macro Assembler    Page 5 Alphabetic symbol ordering
Relocatable symbols

      At line 193 in file RTE\Device\ATSAMD20J18\startup_SAMD20.s
   Uses
      At line 96 in file RTE\Device\ATSAMD20J18\startup_SAMD20.s
      At line 167 in file RTE\Device\ATSAMD20J18\startup_SAMD20.s

TC3_Handler 00000012

Symbol: TC3_Handler
   Definitions
      At line 194 in file RTE\Device\ATSAMD20J18\startup_SAMD20.s
   Uses
      At line 97 in file RTE\Device\ATSAMD20J18\startup_SAMD20.s
      At line 168 in file RTE\Device\ATSAMD20J18\startup_SAMD20.s

TC4_Handler 00000012

Symbol: TC4_Handler
   Definitions
      At line 195 in file RTE\Device\ATSAMD20J18\startup_SAMD20.s
   Uses
      At line 98 in file RTE\Device\ATSAMD20J18\startup_SAMD20.s
      At line 169 in file RTE\Device\ATSAMD20J18\startup_SAMD20.s

TC5_Handler 00000012

Symbol: TC5_Handler
   Definitions
      At line 196 in file RTE\Device\ATSAMD20J18\startup_SAMD20.s
   Uses
      At line 99 in file RTE\Device\ATSAMD20J18\startup_SAMD20.s
      At line 170 in file RTE\Device\ATSAMD20J18\startup_SAMD20.s

TC6_Handler 00000012

Symbol: TC6_Handler
   Definitions
      At line 197 in file RTE\Device\ATSAMD20J18\startup_SAMD20.s
   Uses
      At line 100 in file RTE\Device\ATSAMD20J18\startup_SAMD20.s
      At line 171 in file RTE\Device\ATSAMD20J18\startup_SAMD20.s

TC7_Handler 00000012

Symbol: TC7_Handler
   Definitions
      At line 198 in file RTE\Device\ATSAMD20J18\startup_SAMD20.s
   Uses
      At line 101 in file RTE\Device\ATSAMD20J18\startup_SAMD20.s
      At line 172 in file RTE\Device\ATSAMD20J18\startup_SAMD20.s

WDT_Handler 00000012

Symbol: WDT_Handler
   Definitions
      At line 180 in file RTE\Device\ATSAMD20J18\startup_SAMD20.s
   Uses
      At line 83 in file RTE\Device\ATSAMD20J18\startup_SAMD20.s
      At line 154 in file RTE\Device\ATSAMD20J18\startup_SAMD20.s




ARM Macro Assembler    Page 6 Alphabetic symbol ordering
Relocatable symbols

__user_initial_stackheap 00000014

Symbol: __user_initial_stackheap
   Definitions
      At line 222 in file RTE\Device\ATSAMD20J18\startup_SAMD20.s
   Uses
      At line 221 in file RTE\Device\ATSAMD20J18\startup_SAMD20.s
Comment: __user_initial_stackheap used once
34 symbols



ARM Macro Assembler    Page 1 Alphabetic symbol ordering
Absolute symbols

Heap_Size 00000000

Symbol: Heap_Size
   Definitions
      At line 44 in file RTE\Device\ATSAMD20J18\startup_SAMD20.s
   Uses
      At line 48 in file RTE\Device\ATSAMD20J18\startup_SAMD20.s
      At line 226 in file RTE\Device\ATSAMD20J18\startup_SAMD20.s

Stack_Size 00000200

Symbol: Stack_Size
   Definitions
      At line 33 in file RTE\Device\ATSAMD20J18\startup_SAMD20.s
   Uses
      At line 36 in file RTE\Device\ATSAMD20J18\startup_SAMD20.s
      At line 225 in file RTE\Device\ATSAMD20J18\startup_SAMD20.s

__Vectors_Size 000000A4

Symbol: __Vectors_Size
   Definitions
      At line 108 in file RTE\Device\ATSAMD20J18\startup_SAMD20.s
   Uses
      At line 61 in file RTE\Device\ATSAMD20J18\startup_SAMD20.s
Comment: __Vectors_Size used once
3 symbols



ARM Macro Assembler    Page 1 Alphabetic symbol ordering
External symbols

SystemInit 00000000

Symbol: SystemInit
   Definitions
      At line 117 in file RTE\Device\ATSAMD20J18\startup_SAMD20.s
   Uses
      At line 119 in file RTE\Device\ATSAMD20J18\startup_SAMD20.s
Comment: SystemInit used once
__main 00000000

Symbol: __main
   Definitions
      At line 118 in file RTE\Device\ATSAMD20J18\startup_SAMD20.s
   Uses
      At line 121 in file RTE\Device\ATSAMD20J18\startup_SAMD20.s
Comment: __main used once
__use_two_region_memory 00000000

Symbol: __use_two_region_memory
   Definitions
      At line 220 in file RTE\Device\ATSAMD20J18\startup_SAMD20.s
   Uses
      None
Comment: __use_two_region_memory unused
3 symbols
388 symbols in table
